\BOOKMARK [0][-]{section*.2}{Contents}{}% 1
\BOOKMARK [0][-]{chapter.1}{Introduction}{}% 2
\BOOKMARK [1][-]{section.1.1}{Introduction}{chapter.1}% 3
\BOOKMARK [1][-]{section.1.2}{Perspectives}{chapter.1}% 4
\BOOKMARK [1][-]{section.1.3}{Task}{chapter.1}% 5
\BOOKMARK [1][-]{section.1.4}{Structure}{chapter.1}% 6
\BOOKMARK [0][-]{chapter.2}{Technology Evaluation}{}% 7
\BOOKMARK [1][-]{section.2.1}{Hardware}{chapter.2}% 8
\BOOKMARK [1][-]{section.2.2}{Software}{chapter.2}% 9
\BOOKMARK [1][-]{section.2.3}{Study Setting Overview}{chapter.2}% 10
\BOOKMARK [0][-]{chapter.3}{Implementation}{}% 11
\BOOKMARK [1][-]{section.3.1}{Visual Perspectives}{chapter.3}% 12
\BOOKMARK [1][-]{section.3.2}{Limitations: Perspectives and Mechanics}{chapter.3}% 13
\BOOKMARK [0][-]{chapter.4}{Outlook}{}% 14
\BOOKMARK [1][-]{section.4.1}{Upcoming Tasks}{chapter.4}% 15
\BOOKMARK [1][-]{section.4.2}{Evaluation}{chapter.4}% 16
\BOOKMARK [1][-]{section.4.3}{Schedule}{chapter.4}% 17
\BOOKMARK [0][-]{chapter*.29}{Bibliography}{}% 18
\BOOKMARK [0][-]{section*.30}{List of Figures}{}% 19
\BOOKMARK [0][-]{section*.31}{List of Tables}{}% 20
